<?xml version="1.0" encoding="UTF-8"?>
<!-- Generated by org.testng.reporters.JUnitReportReporter -->
<testsuite hostname="LAPTOP-3D62HSIA" failures="0" tests="1" name="tests.GetandPostSamples" time="2.589" errors="0" timestamp="2021-12-13T23:48:19 IST" skipped="0">
  <testcase classname="tests.GetandPostSamples" name="testPost" time="2.589"/>
  <system-out/>
</testsuite> <!-- tests.GetandPostSamples -->
