<?xml version="1.0" encoding="UTF-8"?>
<!-- Generated by org.testng.reporters.JUnitReportReporter -->
<testsuite hostname="LAPTOP-3D62HSIA" failures="0" tests="1" name="tests.SoapXmlRequest" time="3.173" errors="0" timestamp="2021-12-25T12:28:30 IST" skipped="0">
  <testcase classname="tests.SoapXmlRequest" name="validateSoapXml" time="3.173"/>
  <system-out/>
</testsuite> <!-- tests.SoapXmlRequest -->
