<?xml version="1.0" encoding="UTF-8"?>
<!-- Generated by org.testng.reporters.JUnitReportReporter -->
<testsuite hostname="LAPTOP-3D62HSIA" failures="0" tests="1" name="tests.TestOnLocalApi" time="1.052" errors="0" timestamp="2021-12-14T22:59:07 IST" skipped="0">
  <testcase classname="tests.TestOnLocalApi" name="delete" time="1.052"/>
  <system-out/>
</testsuite> <!-- tests.TestOnLocalApi -->
