<?xml version="1.0" encoding="UTF-8"?>
<!-- Generated by org.testng.reporters.JUnitReportReporter -->
<testsuite hostname="LAPTOP-3D62HSIA" failures="0" tests="3" name="tests.PutPatchandDeleteExamples" time="4.267" errors="0" timestamp="2021-12-14T20:21:33 IST" skipped="0">
  <testcase classname="tests.PutPatchandDeleteExamples" name="testDelete" time="2.516"/>
  <system-out/>
  <testcase classname="tests.PutPatchandDeleteExamples" name="testPatch" time="0.899"/>
  <system-out/>
  <testcase classname="tests.PutPatchandDeleteExamples" name="testPut" time="0.852"/>
  <system-out/>
</testsuite> <!-- tests.PutPatchandDeleteExamples -->
