<?xml version="1.0" encoding="UTF-8"?>
<!-- Generated by org.testng.reporters.JUnitReportReporter -->
<testsuite hostname="LAPTOP-3D62HSIA" failures="0" tests="1" name="tests.JsonschemaValidator" time="2.053" errors="0" timestamp="2021-12-16T20:40:04 IST" skipped="0">
  <testcase classname="tests.JsonschemaValidator" name="testGet" time="2.053"/>
  <system-out/>
</testsuite> <!-- tests.JsonschemaValidator -->
