<?xml version="1.0" encoding="UTF-8"?>
<!-- Generated by org.testng.reporters.JUnitReportReporter -->
<testsuite hostname="LAPTOP-3D62HSIA" failures="0" tests="4" name="tests.TestSamples" time="3.787" errors="0" timestamp="2021-12-13T22:47:50 IST" skipped="0">
  <testcase classname="tests.TestSamples" name="test_2" time="0.838"/>
  <system-out/>
  <testcase classname="tests.TestSamples" name="test_1" time="1.680"/>
  <system-out/>
  <testcase classname="tests.TestSamples" name="test_3" time="0.292"/>
  <system-out/>
  <testcase classname="tests.TestSamples" name="test_4" time="0.977"/>
  <system-out/>
</testsuite> <!-- tests.TestSamples -->
