<?xml version="1.0" encoding="UTF-8"?>
<!-- Generated by org.testng.reporters.JUnitReportReporter -->
<testsuite hostname="LAPTOP-3D62HSIA" failures="0" tests="1" name="tests.xmlSchemaValidation" time="2.792" errors="0" timestamp="2021-12-25T13:31:59 IST" skipped="0">
  <testcase classname="tests.xmlSchemaValidation" name="schemaValidation" time="2.792"/>
  <system-out/>
</testsuite> <!-- tests.xmlSchemaValidation -->
